<?xml version="1.0" encoding="UTF-8"?>
<robot generator="Robot 3.2.2 (Python 3.9.1 on win32)" generated="20210119 10:02:24.261" rpa="false">
<suite id="s1" name="Good" source="C:\robot\good">
<suite id="s1-s1" name="Openemr Suite" source="C:\robot\good\openemr_suite">
<suite id="s1-s1-s1" name="Login Tests" source="C:\robot\good\openemr_suite\login_tests.robot">
<test id="s1-s1-s1-t1" name="TC1_ValidCredentialTest">
<kw name="Log To Console" library="BuiltIn">
<doc>Logs the given message to the console.</doc>
<arguments>
<arg>${OUTPUT_DIR}${/}driver</arg>
</arguments>
<status status="PASS" starttime="20210119 10:02:24.962" endtime="20210119 10:02:24.963"></status>
</kw>
<kw name="Append To Environment Variable" library="OperatingSystem">
<doc>Appends given ``values`` to environment variable ``name``.</doc>
<arguments>
<arg>Path</arg>
<arg>${OUTPUT_DIR}${/}driver</arg>
</arguments>
<msg timestamp="20210119 10:02:24.964" level="INFO">Environment variable 'Path' set to value 'C:/Users/CTEA/.p2/pool/plugins/org.eclipse.justj.openjdk.hotspot.jre.full.win32.x86_64_15.0.1.v20201027-0507/jre/bin/server;C:/Users/CTEA/.p2/pool/plugins/org.eclipse.justj.openjdk.hotspot.jre.full.win32.x86_64_15.0.1.v20201027-0507/jre/bin;C:\Program Files (x86)\Common Files\Oracle\Java\javapath;C:\WINDOWS\system32;C:\WINDOWS;C:\WINDOWS\System32\Wbem;C:\WINDOWS\System32\WindowsPowerShell\v1.0\;C:\WINDOWS\System32\OpenSSH\;C:\Program Files\Git\cmd;C:\Program Files (x86)\Groovy\bin;C:\python\Scripts\;C:\python\;C:\Users\CTEA\AppData\Local\Programs\Microsoft VS Code\bin;C:\Users\CTEA\AppData\Local\Microsoft\WindowsApps;C:\xampp\mysql\bin;C:\Program Files\Java\jdk1.8.0_271\bin;C:\Program Files\Java\jre1.8.0_271\bin;C:\Program Files (x86)\Groovy\bin;;C:\WINDOWS\system32;;C:\robot\good\driver'.</msg>
<status status="PASS" starttime="20210119 10:02:24.963" endtime="20210119 10:02:24.964"></status>
</kw>
<kw name="Open Browser" library="SeleniumLibrary">
<doc>Opens a new browser instance to the optional ``url``.</doc>
<arguments>
<arg>http://demo.openemr.io/b/openemr/interface/login/login.php?site=default</arg>
<arg>browser=ff</arg>
</arguments>
<msg timestamp="20210119 10:02:24.965" level="INFO">Opening browser 'ff' to base url 'http://demo.openemr.io/b/openemr/interface/login/login.php?site=default'.</msg>
<msg timestamp="20210119 10:02:24.989" level="INFO">Firefox driver log is always forced to to: C:\robot\good\geckodriver-190.log</msg>
<status status="PASS" starttime="20210119 10:02:24.965" endtime="20210119 10:02:48.467"></status>
</kw>
<kw name="Maximize Browser Window" library="SeleniumLibrary">
<doc>Maximizes current browser window.</doc>
<status status="PASS" starttime="20210119 10:02:48.468" endtime="20210119 10:02:48.762"></status>
</kw>
<kw name="Set Selenium Implicit Wait" library="SeleniumLibrary">
<doc>Sets the implicit wait value used by Selenium.</doc>
<arguments>
<arg>30s</arg>
</arguments>
<status status="PASS" starttime="20210119 10:02:48.763" endtime="20210119 10:02:48.769"></status>
</kw>
<kw name="Input Text" library="SeleniumLibrary">
<doc>Types the given ``text`` into the text field identified by ``locator``.</doc>
<arguments>
<arg>id=authUser</arg>
<arg>admin</arg>
</arguments>
<msg timestamp="20210119 10:02:48.770" level="INFO">Typing text 'admin' into text field 'id=authUser'.</msg>
<status status="PASS" starttime="20210119 10:02:48.769" endtime="20210119 10:02:48.954"></status>
</kw>
<kw name="Input Password" library="SeleniumLibrary">
<doc>Types the given password into the text field identified by ``locator``.</doc>
<arguments>
<arg>id=clearPass</arg>
<arg>pass</arg>
</arguments>
<msg timestamp="20210119 10:02:48.955" level="INFO">Typing password into text field 'id=clearPass'.</msg>
<msg timestamp="20210119 10:02:48.972" level="INFO">Temporally setting log level to: NONE</msg>
<msg timestamp="20210119 10:02:49.057" level="INFO">Log level changed from NONE to INFO.</msg>
<status status="PASS" starttime="20210119 10:02:48.954" endtime="20210119 10:02:49.058"></status>
</kw>
<kw name="Select From List By Label" library="SeleniumLibrary">
<doc>Selects options from selection list ``locator`` by ``labels``.</doc>
<arguments>
<arg>name=languageChoice</arg>
<arg>English (Indian)</arg>
</arguments>
<msg timestamp="20210119 10:02:49.060" level="INFO">Selecting options from selection list 'name=languageChoice' by label English (Indian).</msg>
<status status="PASS" starttime="20210119 10:02:49.058" endtime="20210119 10:02:49.532"></status>
</kw>
<kw name="Click Button" library="SeleniumLibrary">
<doc>Clicks the button identified by ``locator``.</doc>
<arguments>
<arg>//button[@type='submit']</arg>
</arguments>
<msg timestamp="20210119 10:02:49.532" level="INFO">Clicking button '//button[@type='submit']'.</msg>
<status status="PASS" starttime="20210119 10:02:49.532" endtime="20210119 10:02:53.609"></status>
</kw>
<kw name="Page Should Contain" library="SeleniumLibrary">
<doc>Verifies that current page contains ``text``.</doc>
<arguments>
<arg>Flow Board</arg>
</arguments>
<msg timestamp="20210119 10:02:53.643" level="INFO">Current page contains text 'Flow Board'.</msg>
<status status="PASS" starttime="20210119 10:02:53.610" endtime="20210119 10:02:53.644"></status>
</kw>
<kw name="Mouse Over" library="SeleniumLibrary">
<doc>Simulates hovering the mouse over the element ``locator``.</doc>
<arguments>
<arg>//span[@data-bind="text:fname"]</arg>
</arguments>
<msg timestamp="20210119 10:02:53.645" level="INFO">Simulating Mouse Over on element '//span[@data-bind="text:fname"]'.</msg>
<status status="PASS" starttime="20210119 10:02:53.644" endtime="20210119 10:02:53.956"></status>
</kw>
<kw name="Click Element" library="SeleniumLibrary">
<doc>Click the element identified by ``locator``.</doc>
<arguments>
<arg>//li[text()='Logout']</arg>
</arguments>
<msg timestamp="20210119 10:02:53.957" level="INFO">Clicking element '//li[text()='Logout']'.</msg>
<status status="PASS" starttime="20210119 10:02:53.956" endtime="20210119 10:02:54.208"></status>
</kw>
<status status="PASS" starttime="20210119 10:02:24.961" endtime="20210119 10:02:54.208" critical="yes"></status>
</test>
<status status="PASS" starttime="20210119 10:02:24.505" endtime="20210119 10:02:54.210"></status>
</suite>
<status status="PASS" starttime="20210119 10:02:24.496" endtime="20210119 10:02:54.213"></status>
</suite>
<status status="PASS" starttime="20210119 10:02:24.456" endtime="20210119 10:02:54.217"></status>
</suite>
<statistics>
<total>
<stat pass="1" fail="0">Critical Tests</stat>
<stat pass="1" fail="0">All Tests</stat>
</total>
<tag>
</tag>
<suite>
<stat pass="1" fail="0" id="s1" name="Good">Good</stat>
<stat pass="1" fail="0" id="s1-s1" name="Openemr Suite">Good.Openemr Suite</stat>
<stat pass="1" fail="0" id="s1-s1-s1" name="Login Tests">Good.Openemr Suite.Login Tests</stat>
</suite>
</statistics>
<errors>
</errors>
</robot>
